<?xml version="1.0" encoding="UTF-8"?>
<!-- Generated by org.testng.reporters.JUnitReportReporter -->
<testsuite skipped="0" hostname="DESKTOP-SBBN76U" name="test.AddFormTest" tests="1" failures="0" timestamp="2021-08-30T21:43:39 CDT" time="8.708" errors="0">
  <testcase name="UserShouldBeAbleToAddForm" time="8.708" classname="test.AddFormTest"/>
  <system-out/>
</testsuite> <!-- test.AddFormTest -->
